# JRE version: OpenJDK Runtime Environment (8.0_202-b03) (build 1.8.0_202-release-1483-b03)
# Java VM: OpenJDK 64-Bit Server VM (25.202-b03 mixed mode windows-amd64 compressed oops)
Heap:
 PSYoungGen      total 152576K, used 66399K [0x00000000e0000000, 0x00000000eaa00000, 0x0000000100000000)
  eden space 131072K, 50% used [0x00000000e0000000,0x00000000e40d7e60,0x00000000e8000000)
  from space 21504K, 0% used [0x00000000e9500000,0x00000000e9500000,0x00000000eaa00000)
  to   space 21504K, 0% used [0x00000000e8000000,0x00000000e8000000,0x00000000e9500000)
 ParOldGen       total 232960K, used 17799K [0x00000000a0000000, 0x00000000ae380000, 0x00000000e0000000)
  object space 232960K, 7% used [0x00000000a0000000,0x00000000a1161e90,0x00000000ae380000)
 Metaspace       used 42616K, capacity 43662K, committed 44072K, reserved 1087488K
  class space    used 5766K, capacity 6063K, committed 6184K, reserved 1048576K
GC Heap History (10 events):
Event: 6.566 GC heap before
{Heap before GC invocations=2 (full 0):
 PSYoungGen      total 152576K, used 93201K [0x00000000e0000000, 0x00000000eaa00000, 0x0000000100000000)
  eden space 131072K, 62% used [0x00000000e0000000,0x00000000e4fd7c58,0x00000000e8000000)
  from space 21504K, 53% used [0x00000000e8000000,0x00000000e8b2ca20,0x00000000e9500000)
  to   space 21504K, 0% used [0x00000000e9500000,0x00000000e9500000,0x00000000eaa00000)
 ParOldGen       total 348160K, used 16K [0x00000000a0000000, 0x00000000b5400000, 0x00000000e0000000)
  object space 348160K, 0% used [0x00000000a0000000,0x00000000a0004000,0x00000000b5400000)
 Metaspace       used 20695K, capacity 21154K, committed 21296K, reserved 1067008K
  class space    used 2956K, capacity 3123K, committed 3200K, reserved 1048576K
Event: 6.573 GC heap after
Heap after GC invocations=2 (full 0):
 PSYoungGen      total 152576K, used 13682K [0x00000000e0000000, 0x00000000eaa00000, 0x0000000100000000)
  eden space 131072K, 0% used [0x00000000e0000000,0x00000000e0000000,0x00000000e8000000)
  from space 21504K, 63% used [0x00000000e9500000,0x00000000ea25ca68,0x00000000eaa00000)
  to   space 21504K, 0% used [0x00000000e8000000,0x00000000e8000000,0x00000000e9500000)
 ParOldGen       total 348160K, used 24K [0x00000000a0000000, 0x00000000b5400000, 0x00000000e0000000)
  object space 348160K, 0% used [0x00000000a0000000,0x00000000a0006000,0x00000000b5400000)
 Metaspace       used 20695K, capacity 21154K, committed 21296K, reserved 1067008K
  class space    used 2956K, capacity 3123K, committed 3200K, reserved 1048576K
}
Event: 6.573 GC heap before
{Heap before GC invocations=3 (full 1):
 PSYoungGen      total 152576K, used 13682K [0x00000000e0000000, 0x00000000eaa00000, 0x0000000100000000)
  eden space 131072K, 0% used [0x00000000e0000000,0x00000000e0000000,0x00000000e8000000)
  from space 21504K, 63% used [0x00000000e9500000,0x00000000ea25ca68,0x00000000eaa00000)
  to   space 21504K, 0% used [0x00000000e8000000,0x00000000e8000000,0x00000000e9500000)
 ParOldGen       total 348160K, used 24K [0x00000000a0000000, 0x00000000b5400000, 0x00000000e0000000)
  object space 348160K, 0% used [0x00000000a0000000,0x00000000a0006000,0x00000000b5400000)
 Metaspace       used 20695K, capacity 21154K, committed 21296K, reserved 1067008K
  class space    used 2956K, capacity 3123K, committed 3200K, reserved 1048576K
Event: 6.597 GC heap after
Heap after GC invocations=3 (full 1):
 PSYoungGen      total 152576K, used 0K [0x00000000e0000000, 0x00000000eaa00000, 0x0000000100000000)
  eden space 131072K, 0% used [0x00000000e0000000,0x00000000e0000000,0x00000000e8000000)
  from space 21504K, 0% used [0x00000000e9500000,0x00000000e9500000,0x00000000eaa00000)
  to   space 21504K, 0% used [0x00000000e8000000,0x00000000e8000000,0x00000000e9500000)
 ParOldGen       total 144384K, used 13123K [0x00000000a0000000, 0x00000000a8d00000, 0x00000000e0000000)
  object space 144384K, 9% used [0x00000000a0000000,0x00000000a0cd0f00,0x00000000a8d00000)
 Metaspace       used 20695K, capacity 21154K, committed 21296K, reserved 1067008K
  class space    used 2956K, capacity 3123K, committed 3200K, reserved 1048576K
}
Event: 7.766 GC heap before
{Heap before GC invocations=4 (full 1):
 PSYoungGen      total 152576K, used 131072K [0x00000000e0000000, 0x00000000eaa00000, 0x0000000100000000)
  eden space 131072K, 100% used [0x00000000e0000000,0x00000000e8000000,0x00000000e8000000)
  from space 21504K, 0% used [0x00000000e9500000,0x00000000e9500000,0x00000000eaa00000)
  to   space 21504K, 0% used [0x00000000e8000000,0x00000000e8000000,0x00000000e9500000)
 ParOldGen       total 144384K, used 13123K [0x00000000a0000000, 0x00000000a8d00000, 0x00000000e0000000)
  object space 144384K, 9% used [0x00000000a0000000,0x00000000a0cd0f00,0x00000000a8d00000)
 Metaspace       used 31934K, capacity 32666K, committed 32896K, reserved 1077248K
  class space    used 4408K, capacity 4624K, committed 4736K, reserved 1048576K
Event: 7.773 GC heap after
Heap after GC invocations=4 (full 1):
 PSYoungGen      total 152576K, used 13147K [0x00000000e0000000, 0x00000000eaa00000, 0x0000000100000000)
  eden space 131072K, 0% used [0x00000000e0000000,0x00000000e0000000,0x00000000e8000000)
  from space 21504K, 61% used [0x00000000e8000000,0x00000000e8cd6f68,0x00000000e9500000)
  to   space 21504K, 0% used [0x00000000e9500000,0x00000000e9500000,0x00000000eaa00000)
 ParOldGen       total 144384K, used 13131K [0x00000000a0000000, 0x00000000a8d00000, 0x00000000e0000000)
  object space 144384K, 9% used [0x00000000a0000000,0x00000000a0cd2f00,0x00000000a8d00000)
 Metaspace       used 31934K, capacity 32666K, committed 32896K, reserved 1077248K
  class space    used 4408K, capacity 4624K, committed 4736K, reserved 1048576K
}
Event: 8.425 GC heap before
{Heap before GC invocations=5 (full 1):
 PSYoungGen      total 152576K, used 66760K [0x00000000e0000000, 0x00000000eaa00000, 0x0000000100000000)
  eden space 131072K, 40% used [0x00000000e0000000,0x00000000e345b268,0x00000000e8000000)
  from space 21504K, 61% used [0x00000000e8000000,0x00000000e8cd6f68,0x00000000e9500000)
  to   space 21504K, 0% used [0x00000000e9500000,0x00000000e9500000,0x00000000eaa00000)
 ParOldGen       total 144384K, used 13131K [0x00000000a0000000, 0x00000000a8d00000, 0x00000000e0000000)
  object space 144384K, 9% used [0x00000000a0000000,0x00000000a0cd2f00,0x00000000a8d00000)
 Metaspace       used 34449K, capacity 35434K, committed 35496K, reserved 1079296K
  class space    used 4755K, capacity 5012K, committed 5032K, reserved 1048576K
Event: 8.429 GC heap after
Heap after GC invocations=5 (full 1):
 PSYoungGen      total 152576K, used 10481K [0x00000000e0000000, 0x00000000eaa00000, 0x0000000100000000)
  eden space 131072K, 0% used [0x00000000e0000000,0x00000000e0000000,0x00000000e8000000)
  from space 21504K, 48% used [0x00000000e9500000,0x00000000e9f3c750,0x00000000eaa00000)
  to   space 21504K, 0% used [0x00000000e8000000,0x00000000e8000000,0x00000000e9500000)
 ParOldGen       total 144384K, used 13139K [0x00000000a0000000, 0x00000000a8d00000, 0x00000000e0000000)
  object space 144384K, 9% used [0x00000000a0000000,0x00000000a0cd4f00,0x00000000a8d00000)
 Metaspace       used 34449K, capacity 35434K, committed 35496K, reserved 1079296K
  class space    used 4755K, capacity 5012K, committed 5032K, reserved 1048576K
}
Event: 8.429 GC heap before
{Heap before GC invocations=6 (full 2):
 PSYoungGen      total 152576K, used 10481K [0x00000000e0000000, 0x00000000eaa00000, 0x0000000100000000)
  eden space 131072K, 0% used [0x00000000e0000000,0x00000000e0000000,0x00000000e8000000)
  from space 21504K, 48% used [0x00000000e9500000,0x00000000e9f3c750,0x00000000eaa00000)
  to   space 21504K, 0% used [0x00000000e8000000,0x00000000e8000000,0x00000000e9500000)
 ParOldGen       total 144384K, used 13139K [0x00000000a0000000, 0x00000000a8d00000, 0x00000000e0000000)
  object space 144384K, 9% used [0x00000000a0000000,0x00000000a0cd4f00,0x00000000a8d00000)
 Metaspace       used 34449K, capacity 35434K, committed 35496K, reserved 1079296K
  class space    used 4755K, capacity 5012K, committed 5032K, reserved 1048576K
Event: 8.458 GC heap after
Heap after GC invocations=6 (full 2):
 PSYoungGen      total 152576K, used 0K [0x00000000e0000000, 0x00000000eaa00000, 0x0000000100000000)
  eden space 131072K, 0% used [0x00000000e0000000,0x00000000e0000000,0x00000000e8000000)
  from space 21504K, 0% used [0x00000000e9500000,0x00000000e9500000,0x00000000eaa00000)
  to   space 21504K, 0% used [0x00000000e8000000,0x00000000e8000000,0x00000000e9500000)
 ParOldGen       total 232960K, used 17799K [0x00000000a0000000, 0x00000000ae380000, 0x00000000e0000000)
  object space 232960K, 7% used [0x00000000a0000000,0x00000000a1161e90,0x00000000ae380000)
 Metaspace       used 34397K, capacity 35254K, committed 35496K, reserved 1079296K
  class space    used 4739K, capacity 4982K, committed 5032K, reserved 1048576K
}

